# JRE version: OpenJDK Runtime Environment Temurin-21.0.6+7 (21.0.6+7) (build 21.0.6+7-LTS)
# Java VM: OpenJDK 64-Bit Server VM Temurin-21.0.6+7 (21.0.6+7-LTS, mixed mode, sharing, tiered, compressed oops, compressed class ptrs, parallel gc, linux-amd64)
GC Precious Log:
 CardTable entry size: 512
 CPUs: 4 total, 4 available
 Memory: 3919M
 Large Page Support: Disabled
 NUMA Support: Disabled
 Compressed Oops: Enabled (32-bit)
 Alignments: Space 512K, Generation 512K, Heap 2M
 Heap Min Capacity: 100M
 Heap Initial Capacity: 100M
 Heap Max Capacity: 1G
 Pre-touch: Disabled
 Parallel Workers: 4
Heap:
 PSYoungGen      total 13312K, used 13017K [0x00000000eab00000, 0x00000000eba80000, 0x0000000100000000)
  eden space 11776K, 100% used [0x00000000eab00000,0x00000000eb680000,0x00000000eb680000)
  from space 1536K, 80% used [0x00000000eb680000,0x00000000eb7b6560,0x00000000eb800000)
  to   space 2048K, 0% used [0x00000000eb880000,0x00000000eb880000,0x00000000eba80000)
 ParOldGen       total 100352K, used 87001K [0x00000000c0000000, 0x00000000c6200000, 0x00000000eab00000)
  object space 100352K, 86% used [0x00000000c0000000,0x00000000c54f6680,0x00000000c6200000)
 Metaspace       used 60429K, committed 61824K, reserved 1114112K
  class space    used 6221K, committed 6784K, reserved 1048576K
GC Heap History (20 events):
Event: 40,657 GC heap before
{Heap before GC invocations=57 (full 2):
 PSYoungGen      total 14336K, used 14080K [0x00000000eab00000, 0x00000000ebc00000, 0x0000000100000000)
  eden space 12288K, 99% used [0x00000000eab00000,0x00000000eb6ffff0,0x00000000eb700000)
  from space 2048K, 87% used [0x00000000eba00000,0x00000000ebbc0010,0x00000000ebc00000)
  to   space 2048K, 0% used [0x00000000eb800000,0x00000000eb800000,0x00000000eba00000)
 ParOldGen       total 94208K, used 94156K [0x00000000c0000000, 0x00000000c5c00000, 0x00000000eab00000)
  object space 94208K, 99% used [0x00000000c0000000,0x00000000c5bf3310,0x00000000c5c00000)
 Metaspace       used 57730K, committed 59008K, reserved 1114112K
  class space    used 6007K, committed 6528K, reserved 1048576K
}
Event: 40,667 GC heap after
{Heap after GC invocations=57 (full 2):
 PSYoungGen      total 14336K, used 2044K [0x00000000eab00000, 0x00000000ec000000, 0x0000000100000000)
  eden space 12288K, 0% used [0x00000000eab00000,0x00000000eab00000,0x00000000eb700000)
  from space 2048K, 99% used [0x00000000eb800000,0x00000000eb9ff278,0x00000000eba00000)
  to   space 4608K, 0% used [0x00000000ebb80000,0x00000000ebb80000,0x00000000ec000000)
 ParOldGen       total 96256K, used 96114K [0x00000000c0000000, 0x00000000c5e00000, 0x00000000eab00000)
  object space 96256K, 99% used [0x00000000c0000000,0x00000000c5ddc918,0x00000000c5e00000)
 Metaspace       used 57730K, committed 59008K, reserved 1114112K
  class space    used 6007K, committed 6528K, reserved 1048576K
}
Event: 40,768 GC heap before
{Heap before GC invocations=58 (full 2):
 PSYoungGen      total 14336K, used 14332K [0x00000000eab00000, 0x00000000ec000000, 0x0000000100000000)
  eden space 12288K, 100% used [0x00000000eab00000,0x00000000eb700000,0x00000000eb700000)
  from space 2048K, 99% used [0x00000000eb800000,0x00000000eb9ff278,0x00000000eba00000)
  to   space 4608K, 0% used [0x00000000ebb80000,0x00000000ebb80000,0x00000000ec000000)
 ParOldGen       total 96256K, used 96114K [0x00000000c0000000, 0x00000000c5e00000, 0x00000000eab00000)
  object space 96256K, 99% used [0x00000000c0000000,0x00000000c5ddc918,0x00000000c5e00000)
 Metaspace       used 58317K, committed 59648K, reserved 1114112K
  class space    used 6057K, committed 6592K, reserved 1048576K
}
Event: 40,783 GC heap after
{Heap after GC invocations=58 (full 2):
 PSYoungGen      total 14848K, used 2302K [0x00000000eab00000, 0x00000000ebe00000, 0x0000000100000000)
  eden space 12288K, 0% used [0x00000000eab00000,0x00000000eab00000,0x00000000eb700000)
  from space 2560K, 89% used [0x00000000ebb80000,0x00000000ebdbf820,0x00000000ebe00000)
  to   space 3072K, 0% used [0x00000000eb800000,0x00000000eb800000,0x00000000ebb00000)
 ParOldGen       total 98304K, used 98118K [0x00000000c0000000, 0x00000000c6000000, 0x00000000eab00000)
  object space 98304K, 99% used [0x00000000c0000000,0x00000000c5fd1ae0,0x00000000c6000000)
 Metaspace       used 58317K, committed 59648K, reserved 1114112K
  class space    used 6057K, committed 6592K, reserved 1048576K
}
Event: 40,822 GC heap before
{Heap before GC invocations=59 (full 2):
 PSYoungGen      total 14848K, used 8875K [0x00000000eab00000, 0x00000000ebe00000, 0x0000000100000000)
  eden space 12288K, 53% used [0x00000000eab00000,0x00000000eb16b498,0x00000000eb700000)
  from space 2560K, 89% used [0x00000000ebb80000,0x00000000ebdbf820,0x00000000ebe00000)
  to   space 3072K, 0% used [0x00000000eb800000,0x00000000eb800000,0x00000000ebb00000)
 ParOldGen       total 98304K, used 98118K [0x00000000c0000000, 0x00000000c6000000, 0x00000000eab00000)
  object space 98304K, 99% used [0x00000000c0000000,0x00000000c5fd1ae0,0x00000000c6000000)
 Metaspace       used 58516K, committed 59776K, reserved 1114112K
  class space    used 6080K, committed 6592K, reserved 1048576K
}
Event: 40,832 GC heap after
{Heap after GC invocations=59 (full 2):
 PSYoungGen      total 14336K, used 1806K [0x00000000eab00000, 0x00000000ebc00000, 0x0000000100000000)
  eden space 12288K, 0% used [0x00000000eab00000,0x00000000eab00000,0x00000000eb700000)
  from space 2048K, 88% used [0x00000000eb800000,0x00000000eb9c39d8,0x00000000eba00000)
  to   space 2048K, 0% used [0x00000000eba00000,0x00000000eba00000,0x00000000ebc00000)
 ParOldGen       total 100352K, used 100326K [0x00000000c0000000, 0x00000000c6200000, 0x00000000eab00000)
  object space 100352K, 99% used [0x00000000c0000000,0x00000000c61f9b18,0x00000000c6200000)
 Metaspace       used 58516K, committed 59776K, reserved 1114112K
  class space    used 6080K, committed 6592K, reserved 1048576K
}
Event: 40,832 GC heap before
{Heap before GC invocations=60 (full 3):
 PSYoungGen      total 14336K, used 1806K [0x00000000eab00000, 0x00000000ebc00000, 0x0000000100000000)
  eden space 12288K, 0% used [0x00000000eab00000,0x00000000eab00000,0x00000000eb700000)
  from space 2048K, 88% used [0x00000000eb800000,0x00000000eb9c39d8,0x00000000eba00000)
  to   space 2048K, 0% used [0x00000000eba00000,0x00000000eba00000,0x00000000ebc00000)
 ParOldGen       total 100352K, used 100326K [0x00000000c0000000, 0x00000000c6200000, 0x00000000eab00000)
  object space 100352K, 99% used [0x00000000c0000000,0x00000000c61f9b18,0x00000000c6200000)
 Metaspace       used 58516K, committed 59776K, reserved 1114112K
  class space    used 6080K, committed 6592K, reserved 1048576K
}
Event: 41,358 GC heap after
{Heap after GC invocations=60 (full 3):
 PSYoungGen      total 14336K, used 0K [0x00000000eab00000, 0x00000000ebc00000, 0x0000000100000000)
  eden space 12288K, 0% used [0x00000000eab00000,0x00000000eab00000,0x00000000eb700000)
  from space 2048K, 0% used [0x00000000eb800000,0x00000000eb800000,0x00000000eba00000)
  to   space 2048K, 0% used [0x00000000eba00000,0x00000000eba00000,0x00000000ebc00000)
 ParOldGen       total 100352K, used 79789K [0x00000000c0000000, 0x00000000c6200000, 0x00000000eab00000)
  object space 100352K, 79% used [0x00000000c0000000,0x00000000c4deb7f8,0x00000000c6200000)
 Metaspace       used 58516K, committed 59776K, reserved 1114112K
  class space    used 6080K, committed 6592K, reserved 1048576K
}
Event: 41,739 GC heap before
{Heap before GC invocations=61 (full 3):
 PSYoungGen      total 14336K, used 12288K [0x00000000eab00000, 0x00000000ebc00000, 0x0000000100000000)
  eden space 12288K, 100% used [0x00000000eab00000,0x00000000eb700000,0x00000000eb700000)
  from space 2048K, 0% used [0x00000000eb800000,0x00000000eb800000,0x00000000eba00000)
  to   space 2048K, 0% used [0x00000000eba00000,0x00000000eba00000,0x00000000ebc00000)
 ParOldGen       total 100352K, used 79789K [0x00000000c0000000, 0x00000000c6200000, 0x00000000eab00000)
  object space 100352K, 79% used [0x00000000c0000000,0x00000000c4deb7f8,0x00000000c6200000)
 Metaspace       used 59306K, committed 60608K, reserved 1114112K
  class space    used 6125K, committed 6656K, reserved 1048576K
}
Event: 41,748 GC heap after
{Heap after GC invocations=61 (full 3):
 PSYoungGen      total 14336K, used 2031K [0x00000000eab00000, 0x00000000ebd00000, 0x0000000100000000)
  eden space 12288K, 0% used [0x00000000eab00000,0x00000000eab00000,0x00000000eb700000)
  from space 2048K, 99% used [0x00000000eba00000,0x00000000ebbfbe98,0x00000000ebc00000)
  to   space 3072K, 0% used [0x00000000eb700000,0x00000000eb700000,0x00000000eba00000)
 ParOldGen       total 100352K, used 80404K [0x00000000c0000000, 0x00000000c6200000, 0x00000000eab00000)
  object space 100352K, 80% used [0x00000000c0000000,0x00000000c4e85298,0x00000000c6200000)
 Metaspace       used 59306K, committed 60608K, reserved 1114112K
  class space    used 6125K, committed 6656K, reserved 1048576K
}
Event: 41,911 GC heap before
{Heap before GC invocations=62 (full 3):
 PSYoungGen      total 14336K, used 14319K [0x00000000eab00000, 0x00000000ebd00000, 0x0000000100000000)
  eden space 12288K, 100% used [0x00000000eab00000,0x00000000eb700000,0x00000000eb700000)
  from space 2048K, 99% used [0x00000000eba00000,0x00000000ebbfbe98,0x00000000ebc00000)
  to   space 3072K, 0% used [0x00000000eb700000,0x00000000eb700000,0x00000000eba00000)
 ParOldGen       total 100352K, used 80404K [0x00000000c0000000, 0x00000000c6200000, 0x00000000eab00000)
  object space 100352K, 80% used [0x00000000c0000000,0x00000000c4e85298,0x00000000c6200000)
 Metaspace       used 59670K, committed 61056K, reserved 1114112K
  class space    used 6164K, committed 6720K, reserved 1048576K
}
Event: 41,920 GC heap after
{Heap after GC invocations=62 (full 3):
 PSYoungGen      total 14848K, used 2385K [0x00000000eab00000, 0x00000000ebc00000, 0x0000000100000000)
  eden space 12288K, 0% used [0x00000000eab00000,0x00000000eab00000,0x00000000eb700000)
  from space 2560K, 93% used [0x00000000eb700000,0x00000000eb9546d8,0x00000000eb980000)
  to   space 2560K, 0% used [0x00000000eb980000,0x00000000eb980000,0x00000000ebc00000)
 ParOldGen       total 100352K, used 82405K [0x00000000c0000000, 0x00000000c6200000, 0x00000000eab00000)
  object space 100352K, 82% used [0x00000000c0000000,0x00000000c5079440,0x00000000c6200000)
 Metaspace       used 59670K, committed 61056K, reserved 1114112K
  class space    used 6164K, committed 6720K, reserved 1048576K
}
Event: 42,052 GC heap before
{Heap before GC invocations=63 (full 3):
 PSYoungGen      total 14848K, used 14673K [0x00000000eab00000, 0x00000000ebc00000, 0x0000000100000000)
  eden space 12288K, 100% used [0x00000000eab00000,0x00000000eb700000,0x00000000eb700000)
  from space 2560K, 93% used [0x00000000eb700000,0x00000000eb9546d8,0x00000000eb980000)
  to   space 2560K, 0% used [0x00000000eb980000,0x00000000eb980000,0x00000000ebc00000)
 ParOldGen       total 100352K, used 82405K [0x00000000c0000000, 0x00000000c6200000, 0x00000000eab00000)
  object space 100352K, 82% used [0x00000000c0000000,0x00000000c5079440,0x00000000c6200000)
 Metaspace       used 59696K, committed 61056K, reserved 1114112K
  class space    used 6167K, committed 6720K, reserved 1048576K
}
Event: 42,060 GC heap after
{Heap after GC invocations=63 (full 3):
 PSYoungGen      total 14336K, used 1696K [0x00000000eab00000, 0x00000000ebb80000, 0x0000000100000000)
  eden space 12288K, 0% used [0x00000000eab00000,0x00000000eab00000,0x00000000eb700000)
  from space 2048K, 82% used [0x00000000eb980000,0x00000000ebb28010,0x00000000ebb80000)
  to   space 2048K, 0% used [0x00000000eb780000,0x00000000eb780000,0x00000000eb980000)
 ParOldGen       total 100352K, used 84426K [0x00000000c0000000, 0x00000000c6200000, 0x00000000eab00000)
  object space 100352K, 84% used [0x00000000c0000000,0x00000000c5272ba0,0x00000000c6200000)
 Metaspace       used 59696K, committed 61056K, reserved 1114112K
  class space    used 6167K, committed 6720K, reserved 1048576K
}
Event: 42,194 GC heap before
{Heap before GC invocations=64 (full 3):
 PSYoungGen      total 14336K, used 13984K [0x00000000eab00000, 0x00000000ebb80000, 0x0000000100000000)
  eden space 12288K, 100% used [0x00000000eab00000,0x00000000eb700000,0x00000000eb700000)
  from space 2048K, 82% used [0x00000000eb980000,0x00000000ebb28010,0x00000000ebb80000)
  to   space 2048K, 0% used [0x00000000eb780000,0x00000000eb780000,0x00000000eb980000)
 ParOldGen       total 100352K, used 84426K [0x00000000c0000000, 0x00000000c6200000, 0x00000000eab00000)
  object space 100352K, 84% used [0x00000000c0000000,0x00000000c5272ba0,0x00000000c6200000)
 Metaspace       used 59718K, committed 61056K, reserved 1114112K
  class space    used 6167K, committed 6720K, reserved 1048576K
}
Event: 42,203 GC heap after
{Heap after GC invocations=64 (full 3):
 PSYoungGen      total 14336K, used 1759K [0x00000000eab00000, 0x00000000ebb00000, 0x0000000100000000)
  eden space 12288K, 0% used [0x00000000eab00000,0x00000000eab00000,0x00000000eb700000)
  from space 2048K, 85% used [0x00000000eb780000,0x00000000eb937e30,0x00000000eb980000)
  to   space 1536K, 0% used [0x00000000eb980000,0x00000000eb980000,0x00000000ebb00000)
 ParOldGen       total 100352K, used 85172K [0x00000000c0000000, 0x00000000c6200000, 0x00000000eab00000)
  object space 100352K, 84% used [0x00000000c0000000,0x00000000c532d228,0x00000000c6200000)
 Metaspace       used 59718K, committed 61056K, reserved 1114112K
  class space    used 6167K, committed 6720K, reserved 1048576K
}
Event: 42,288 GC heap before
{Heap before GC invocations=65 (full 3):
 PSYoungGen      total 14336K, used 14047K [0x00000000eab00000, 0x00000000ebb00000, 0x0000000100000000)
  eden space 12288K, 100% used [0x00000000eab00000,0x00000000eb700000,0x00000000eb700000)
  from space 2048K, 85% used [0x00000000eb780000,0x00000000eb937e30,0x00000000eb980000)
  to   space 1536K, 0% used [0x00000000eb980000,0x00000000eb980000,0x00000000ebb00000)
 ParOldGen       total 100352K, used 85172K [0x00000000c0000000, 0x00000000c6200000, 0x00000000eab00000)
  object space 100352K, 84% used [0x00000000c0000000,0x00000000c532d228,0x00000000c6200000)
 Metaspace       used 59737K, committed 61120K, reserved 1114112K
  class space    used 6167K, committed 6720K, reserved 1048576K
}
Event: 42,303 GC heap after
{Heap after GC invocations=65 (full 3):
 PSYoungGen      total 13312K, used 1532K [0x00000000eab00000, 0x00000000ebd00000, 0x0000000100000000)
  eden space 11776K, 0% used [0x00000000eab00000,0x00000000eab00000,0x00000000eb680000)
  from space 1536K, 99% used [0x00000000eb980000,0x00000000ebaff390,0x00000000ebb00000)
  to   space 3072K, 0% used [0x00000000eb680000,0x00000000eb680000,0x00000000eb980000)
 ParOldGen       total 100352K, used 86406K [0x00000000c0000000, 0x00000000c6200000, 0x00000000eab00000)
  object space 100352K, 86% used [0x00000000c0000000,0x00000000c5461b90,0x00000000c6200000)
 Metaspace       used 59737K, committed 61120K, reserved 1114112K
  class space    used 6167K, committed 6720K, reserved 1048576K
}
Event: 42,362 GC heap before
{Heap before GC invocations=66 (full 3):
 PSYoungGen      total 13312K, used 13308K [0x00000000eab00000, 0x00000000ebd00000, 0x0000000100000000)
  eden space 11776K, 100% used [0x00000000eab00000,0x00000000eb680000,0x00000000eb680000)
  from space 1536K, 99% used [0x00000000eb980000,0x00000000ebaff390,0x00000000ebb00000)
  to   space 3072K, 0% used [0x00000000eb680000,0x00000000eb680000,0x00000000eb980000)
 ParOldGen       total 100352K, used 86406K [0x00000000c0000000, 0x00000000c6200000, 0x00000000eab00000)
  object space 100352K, 86% used [0x00000000c0000000,0x00000000c5461b90,0x00000000c6200000)
 Metaspace       used 59738K, committed 61120K, reserved 1114112K
  class space    used 6167K, committed 6720K, reserved 1048576K
}
Event: 42,368 GC heap after
{Heap after GC invocations=66 (full 3):
 PSYoungGen      total 13312K, used 1241K [0x00000000eab00000, 0x00000000eba80000, 0x0000000100000000)
  eden space 11776K, 0% used [0x00000000eab00000,0x00000000eab00000,0x00000000eb680000)
  from space 1536K, 80% used [0x00000000eb680000,0x00000000eb7b6560,0x00000000eb800000)
  to   space 2048K, 0% used [0x00000000eb880000,0x00000000eb880000,0x00000000eba80000)
 ParOldGen       total 100352K, used 87001K [0x00000000c0000000, 0x00000000c6200000, 0x00000000eab00000)
  object space 100352K, 86% used [0x00000000c0000000,0x00000000c54f6680,0x00000000c6200000)
 Metaspace       used 59738K, committed 61120K, reserved 1114112K
  class space    used 6167K, committed 6720K, reserved 1048576K
}

